<?xml version="1.0" encoding="UTF-8"?>
<testng-results skipped="0" failed="0" total="1" passed="1">
  <reporter-output>
    <line>
      <![CDATA[<a href='C:\Users\hp\git\myproject\my-automation-project\src\main\java\com\test\automation\uiAutomation\success_screenshots\verifyAddToCart_04_53_2017_08_53_40.png'> <img src='C:\Users\hp\git\myproject\my-automation-project\src\main\java\com\test\automation\uiAutomation\success_screenshots\verifyAddToCart_04_53_2017_08_53_40.png' height='100' width='100'/></a>]]>
    </line>
  </reporter-output>
  <suite name="Suite" duration-ms="65872" started-at="2017-09-04T20:52:36Z" finished-at="2017-09-04T20:53:42Z">
    <groups>
    </groups>
    <test name="Test" duration-ms="65872" started-at="2017-09-04T20:52:36Z" finished-at="2017-09-04T20:53:42Z">
      <class name="com.test.automation.uiAutomation.addToCart.TC005_VerifyAddToCart">
        <test-method status="PASS" signature="setUp()" name="setUp" is-config="true" duration-ms="25471" started-at="2017-09-04T20:52:36Z" finished-at="2017-09-04T20:53:01Z">
        </test-method>
        <test-method status="PASS" signature="verifyAddToCart()" name="verifyAddToCart" duration-ms="38476" started-at="2017-09-04T20:53:01Z" finished-at="2017-09-04T20:53:40Z">
        </test-method>
        <test-method status="PASS" signature="endTest()" name="endTest" is-config="true" duration-ms="1414" started-at="2017-09-04T20:53:40Z" finished-at="2017-09-04T20:53:42Z">
        </test-method>
      </class>
    </test>
  </suite>
</testng-results>
